Determining if the pthread_create exist failed with the following output:
Change Dir: /home/gagendro/Documents/Stage/Preesm/preesm-apps-master/org.ietr.preesm.reinforcement_learning/Code/CMakeFiles/CMakeTmp

Run Build Command:"/usr/bin/make" "cmTC_59885/fast"
/usr/bin/make -f CMakeFiles/cmTC_59885.dir/build.make CMakeFiles/cmTC_59885.dir/build
make[1] : on entre dans le répertoire « /home/gagendro/Documents/Stage/Preesm/preesm-apps-master/org.ietr.preesm.reinforcement_learning/Code/CMakeFiles/CMakeTmp »
Building C object CMakeFiles/cmTC_59885.dir/CheckSymbolExists.c.o
/usr/bin/cc    -o CMakeFiles/cmTC_59885.dir/CheckSymbolExists.c.o   -c /home/gagendro/Documents/Stage/Preesm/preesm-apps-master/org.ietr.preesm.reinforcement_learning/Code/CMakeFiles/CMakeTmp/CheckSymbolExists.c
Linking C executable cmTC_59885
/usr/bin/cmake -E cmake_link_script CMakeFiles/cmTC_59885.dir/link.txt --verbose=1
/usr/bin/cc      -rdynamic CMakeFiles/cmTC_59885.dir/CheckSymbolExists.c.o  -o cmTC_59885 
CMakeFiles/cmTC_59885.dir/CheckSymbolExists.c.o : Dans la fonction « main » :
CheckSymbolExists.c:(.text+0x1b) : référence indéfinie vers « pthread_create »
collect2: error: ld returned 1 exit status
CMakeFiles/cmTC_59885.dir/build.make:97: recipe for target 'cmTC_59885' failed
make[1]: *** [cmTC_59885] Error 1
make[1] : on quitte le répertoire « /home/gagendro/Documents/Stage/Preesm/preesm-apps-master/org.ietr.preesm.reinforcement_learning/Code/CMakeFiles/CMakeTmp »
Makefile:126: recipe for target 'cmTC_59885/fast' failed
make: *** [cmTC_59885/fast] Error 2

File /home/gagendro/Documents/Stage/Preesm/preesm-apps-master/org.ietr.preesm.reinforcement_learning/Code/CMakeFiles/CMakeTmp/CheckSymbolExists.c:
/* */
#include <pthread.h>

int main(int argc, char** argv)
{
  (void)argv;
#ifndef pthread_create
  return ((int*)(&pthread_create))[argc];
#else
  (void)argc;
  return 0;
#endif
}

Determining if the function pthread_create exists in the pthreads failed with the following output:
Change Dir: /home/gagendro/Documents/Stage/Preesm/preesm-apps-master/org.ietr.preesm.reinforcement_learning/Code/CMakeFiles/CMakeTmp

Run Build Command:"/usr/bin/make" "cmTC_53d5e/fast"
/usr/bin/make -f CMakeFiles/cmTC_53d5e.dir/build.make CMakeFiles/cmTC_53d5e.dir/build
make[1] : on entre dans le répertoire « /home/gagendro/Documents/Stage/Preesm/preesm-apps-master/org.ietr.preesm.reinforcement_learning/Code/CMakeFiles/CMakeTmp »
Building C object CMakeFiles/cmTC_53d5e.dir/CheckFunctionExists.c.o
/usr/bin/cc   -DCHECK_FUNCTION_EXISTS=pthread_create   -o CMakeFiles/cmTC_53d5e.dir/CheckFunctionExists.c.o   -c /usr/share/cmake-3.10/Modules/CheckFunctionExists.c
Linking C executable cmTC_53d5e
/usr/bin/cmake -E cmake_link_script CMakeFiles/cmTC_53d5e.dir/link.txt --verbose=1
/usr/bin/cc  -DCHECK_FUNCTION_EXISTS=pthread_create    -rdynamic CMakeFiles/cmTC_53d5e.dir/CheckFunctionExists.c.o  -o cmTC_53d5e -lpthreads 
/usr/bin/ld : ne peut trouver -lpthreads
collect2: error: ld returned 1 exit status
CMakeFiles/cmTC_53d5e.dir/build.make:97: recipe for target 'cmTC_53d5e' failed
make[1]: *** [cmTC_53d5e] Error 1
make[1] : on quitte le répertoire « /home/gagendro/Documents/Stage/Preesm/preesm-apps-master/org.ietr.preesm.reinforcement_learning/Code/CMakeFiles/CMakeTmp »
Makefile:126: recipe for target 'cmTC_53d5e/fast' failed
make: *** [cmTC_53d5e/fast] Error 2


